0 info it worked if it ends with ok
1 verbose cli [ '/usr/local/bin/node',
1 verbose cli   '/usr/local/lib/node_modules/npm/bin/npm-cli.js',
1 verbose cli   'run',
1 verbose cli   'start' ]
2 info using npm@3.10.8
3 info using node@v6.9.1
4 warn invalid config registry="“https://registry.npm.taobao.org“"
5 warn invalid config Must be a full url with 'http://'
6 verbose run-script [ 'prestart', 'start', 'poststart' ]
7 info lifecycle Demo8@0.0.1~prestart: Demo8@0.0.1
8 silly lifecycle Demo8@0.0.1~prestart: no script for prestart, continuing
9 info lifecycle Demo8@0.0.1~start: Demo8@0.0.1
10 verbose lifecycle Demo8@0.0.1~start: unsafe-perm in lifecycle true
11 verbose lifecycle Demo8@0.0.1~start: PATH: /usr/local/lib/node_modules/npm/bin/node-gyp-bin:/Users/MacBook/Reactnative/Demo8/node_modules/.bin:/usr/local/bin:/usr/bin:/bin:/usr/sbin:/sbin:/tools:/Users/MacBook/Library/Android/sdk/platform-tools:/Users/MacBook/Library/Android/sdk/tools
12 verbose lifecycle Demo8@0.0.1~start: CWD: /Users/MacBook/Reactnative/Demo8
13 silly lifecycle Demo8@0.0.1~start: Args: [ '-c',
13 silly lifecycle   'node node_modules/react-native/local-cli/cli.js start' ]
14 silly lifecycle Demo8@0.0.1~start: Returned: code: 11  signal: null
15 info lifecycle Demo8@0.0.1~start: Failed to exec start script
16 verbose stack Error: Demo8@0.0.1 start: `node node_modules/react-native/local-cli/cli.js start`
16 verbose stack Exit status 11
16 verbose stack     at EventEmitter.<anonymous> (/usr/local/lib/node_modules/npm/lib/utils/lifecycle.js:255:16)
16 verbose stack     at emitTwo (events.js:106:13)
16 verbose stack     at EventEmitter.emit (events.js:191:7)
16 verbose stack     at ChildProcess.<anonymous> (/usr/local/lib/node_modules/npm/lib/utils/spawn.js:40:14)
16 verbose stack     at emitTwo (events.js:106:13)
16 verbose stack     at ChildProcess.emit (events.js:191:7)
16 verbose stack     at maybeClose (internal/child_process.js:877:16)
16 verbose stack     at Process.ChildProcess._handle.onexit (internal/child_process.js:226:5)
17 verbose pkgid Demo8@0.0.1
18 verbose cwd /Users/MacBook/Reactnative/Demo8
19 error Darwin 16.4.0
20 error argv "/usr/local/bin/node" "/usr/local/lib/node_modules/npm/bin/npm-cli.js" "run" "start"
21 error node v6.9.1
22 error npm  v3.10.8
23 error code ELIFECYCLE
24 error Demo8@0.0.1 start: `node node_modules/react-native/local-cli/cli.js start`
24 error Exit status 11
25 error Failed at the Demo8@0.0.1 start script 'node node_modules/react-native/local-cli/cli.js start'.
25 error Make sure you have the latest version of node.js and npm installed.
25 error If you do, this is most likely a problem with the Demo8 package,
25 error not with npm itself.
25 error Tell the author that this fails on your system:
25 error     node node_modules/react-native/local-cli/cli.js start
25 error You can get information on how to open an issue for this project with:
25 error     npm bugs Demo8
25 error Or if that isn't available, you can get their info via:
25 error     npm owner ls Demo8
25 error There is likely additional logging output above.
26 verbose exit [ 1, true ]
